<?xml version="1.0" encoding="UTF-8" ?>
<testsuite failures="0" time="40.395" errors="0" skipped="0" tests="2" name="org.hummer.config.ConfigTest">
  <properties>
    <property name="java.runtime.name" value="Java(TM) SE Runtime Environment"/>
    <property name="sun.boot.library.path" value="C:\Program Files\Java\jdk1.6.0_43\jre\bin"/>
    <property name="java.vm.version" value="20.14-b01"/>
    <property name="java.vm.vendor" value="Sun Microsystems Inc."/>
    <property name="java.vendor.url" value="http://java.sun.com/"/>
    <property name="path.separator" value=";"/>
    <property name="guice.disable.misplaced.annotation.check" value="true"/>
    <property name="java.vm.name" value="Java HotSpot(TM) 64-Bit Server VM"/>
    <property name="file.encoding.pkg" value="sun.io"/>
    <property name="user.country" value="CN"/>
    <property name="sun.java.launcher" value="SUN_STANDARD"/>
    <property name="sun.os.patch.level" value="Service Pack 1"/>
    <property name="java.vm.specification.name" value="Java Virtual Machine Specification"/>
    <property name="user.dir" value="D:\soft\workspace_dubbo\hummer"/>
    <property name="java.runtime.version" value="1.6.0_43-b01"/>
    <property name="java.awt.graphicsenv" value="sun.awt.Win32GraphicsEnvironment"/>
    <property name="java.endorsed.dirs" value="C:\Program Files\Java\jdk1.6.0_43\jre\lib\endorsed"/>
    <property name="os.arch" value="amd64"/>
    <property name="java.io.tmpdir" value="C:\Users\dreamlee.lw\AppData\Local\Temp\"/>
    <property name="line.separator" value="
"/>
    <property name="java.vm.specification.vendor" value="Sun Microsystems Inc."/>
    <property name="user.variant" value=""/>
    <property name="os.name" value="Windows 7"/>
    <property name="classworlds.conf" value="D:\software\apache-maven-3.0.5\bin\..\bin\m2.conf"/>
    <property name="sun.jnu.encoding" value="GBK"/>
    <property name="java.library.path" value="C:\Program Files\Java\jdk1.6.0_43\bin;C:\windows\Sun\Java\bin;C:\windows\system32;C:\windows;D:\software\apache-maven-3.0.5\bin;C:\Program Files (x86)\Common Files\NetSarang;C:\Program Files\Java\jdk1.6.0_43/bin;C:\windows\system32;C:\windows;C:\windows\System32\Wbem;C:\windows\System32\WindowsPowerShell\v1.0\;C:\Program Files\Lenovo\Fingerprint Manager Pro\;C:\Program Files (x86)\Intel\OpenCL SDK\3.0\bin\x86;C:\Program Files (x86)\Intel\OpenCL SDK\3.0\bin\x64;D:\Program Files\TortoiseSVN\bin;D:\Program Files\MySQL\MySQL Utilities 1.3.5\;D:\Go\bin;D:\Program Files (x86)\Git\bin;D:\Program Files\Mercurial\;."/>
    <property name="java.specification.name" value="Java Platform API Specification"/>
    <property name="java.class.version" value="50.0"/>
    <property name="sun.management.compiler" value="HotSpot 64-Bit Tiered Compilers"/>
    <property name="os.version" value="6.1"/>
    <property name="user.home" value="C:\Users\dreamlee.lw"/>
    <property name="user.timezone" value="GMT+08:00"/>
    <property name="java.awt.printerjob" value="sun.awt.windows.WPrinterJob"/>
    <property name="file.encoding" value="GBK"/>
    <property name="java.specification.version" value="1.6"/>
    <property name="user.name" value="dreamlee.lw"/>
    <property name="java.class.path" value="D:\software\apache-maven-3.0.5\bin\..\boot\plexus-classworlds-2.4.jar"/>
    <property name="java.vm.specification.version" value="1.0"/>
    <property name="sun.arch.data.model" value="64"/>
    <property name="java.home" value="C:\Program Files\Java\jdk1.6.0_43\jre"/>
    <property name="sun.java.command" value="org.codehaus.plexus.classworlds.launcher.Launcher clean install"/>
    <property name="java.specification.vendor" value="Sun Microsystems Inc."/>
    <property name="user.language" value="zh"/>
    <property name="awt.toolkit" value="sun.awt.windows.WToolkit"/>
    <property name="java.vm.info" value="mixed mode"/>
    <property name="java.version" value="1.6.0_43"/>
    <property name="java.ext.dirs" value="C:\Program Files\Java\jdk1.6.0_43\jre\lib\ext;C:\windows\Sun\Java\lib\ext"/>
    <property name="sun.boot.class.path" value="C:\Program Files\Java\jdk1.6.0_43\jre\lib\resources.jar;C:\Program Files\Java\jdk1.6.0_43\jre\lib\rt.jar;C:\Program Files\Java\jdk1.6.0_43\jre\lib\sunrsasign.jar;C:\Program Files\Java\jdk1.6.0_43\jre\lib\jsse.jar;C:\Program Files\Java\jdk1.6.0_43\jre\lib\jce.jar;C:\Program Files\Java\jdk1.6.0_43\jre\lib\charsets.jar;C:\Program Files\Java\jdk1.6.0_43\jre\lib\modules\jdk.boot.jar;C:\Program Files\Java\jdk1.6.0_43\jre\classes"/>
    <property name="java.vendor" value="Sun Microsystems Inc."/>
    <property name="maven.home" value="D:\software\apache-maven-3.0.5\bin\.."/>
    <property name="file.separator" value="\"/>
    <property name="java.vendor.url.bug" value="http://java.sun.com/cgi-bin/bugreport.cgi"/>
    <property name="sun.cpu.endian" value="little"/>
    <property name="sun.io.unicode.encoding" value="UnicodeLittle"/>
    <property name="sun.desktop" value="windows"/>
    <property name="sun.cpu.isalist" value="amd64"/>
  </properties>
  <testcase time="20.004" classname="org.hummer.config.ConfigTest" name="testConfigInit"/>
  <testcase time="20.391" classname="org.hummer.config.ConfigTest" name="testRegister"/>
</testsuite>